<?xml version="1.0" encoding="UTF-8"?>
<!-- Generated by org.testng.reporters.JUnitReportReporter -->
<testsuite hostname="DESKTOP-BPHTNCM" failures="0" tests="4" name="Assignment.AutomationTask.registration" time="14.431" errors="0" timestamp="2024-09-19T10:42:11 BDT" skipped="0">
  <testcase classname="Assignment.AutomationTask.registration" name="invalidRegistration" time="3.126"/>
  <system-out/>
  <testcase classname="Assignment.AutomationTask.registration" name="invalidRegistration" time="3.648"/>
  <system-out/>
  <testcase classname="Assignment.AutomationTask.registration" name="invalidRegistration" time="4.690"/>
  <system-out/>
  <testcase classname="Assignment.AutomationTask.registration" name="invalidRegistration" time="2.967"/>
  <system-out/>
</testsuite> <!-- Assignment.AutomationTask.registration -->
