<?xml version="1.0" encoding="UTF-8"?>
<!-- Generated by org.testng.reporters.JUnitReportReporter -->
<testsuite hostname="DESKTOP-BPHTNCM" failures="0" tests="1" name="Assignment.AutomationTask.login" time="4.399" errors="0" timestamp="2024-10-16T09:14:17 BDT" skipped="0">
  <testcase classname="Assignment.AutomationTask.login" name="testValidLogin" time="4.399"/>
  <system-out/>
</testsuite> <!-- Assignment.AutomationTask.login -->
