<?xml version="1.0" encoding="UTF-8"?>
<!-- Generated by org.testng.reporters.JUnitReportReporter -->
<testsuite hostname="DESKTOP-BPHTNCM" failures="0" tests="1" name="Assignment.AutomationTask.configDriver" time="2.710" errors="0" timestamp="2024-09-18T07:35:19 BDT" skipped="0">
  <testcase classname="Assignment.AutomationTask.configDriver" name="base1" time="2.710"/>
  <system-out/>
</testsuite> <!-- Assignment.AutomationTask.configDriver -->
